Release 14.6 - xst P.68d (nt64)
Copyright (c) 1995-2013 Xilinx, Inc.  All rights reserved.
--> Parameter TMPDIR set to xst/projnav.tmp


Total REAL time to Xst completion: 0.00 secs
Total CPU time to Xst completion: 0.42 secs
 
--> Parameter xsthdpdir set to xst


Total REAL time to Xst completion: 0.00 secs
Total CPU time to Xst completion: 0.42 secs
 
--> Reading design: ram.prj

TABLE OF CONTENTS
  1) Synthesis Options Summary
  2) HDL Parsing
  3) HDL Elaboration
  4) HDL Synthesis
       4.1) HDL Synthesis Report
  5) Advanced HDL Synthesis
       5.1) Advanced HDL Synthesis Report
  6) Low Level Synthesis
  7) Partition Report
  8) Design Summary
       8.1) Primitive and Black Box Usage
       8.2) Device utilization summary
       8.3) Partition Resource Summary
       8.4) Timing Report
            8.4.1) Clock Information
            8.4.2) Asynchronous Control Signals Information
            8.4.3) Timing Summary
            8.4.4) Timing Details
            8.4.5) Cross Clock Domains Report


=========================================================================
*                      Synthesis Options Summary                        *
=========================================================================
---- Source Parameters
Input File Name                    : "ram.prj"
Ignore Synthesis Constraint File   : NO

---- Target Parameters
Output File Name                   : "ram"
Output Format                      : NGC
Target Device                      : xc7a100t-3-csg324

---- Source Options
Top Module Name                    : ram
Automatic FSM Extraction           : YES
FSM Encoding Algorithm             : Auto
Safe Implementation                : No
FSM Style                          : LUT
RAM Extraction                     : Yes
RAM Style                          : Auto
ROM Extraction                     : Yes
Shift Register Extraction          : YES
ROM Style                          : Auto
Resource Sharing                   : YES
Asynchronous To Synchronous        : NO
Shift Register Minimum Size        : 2
Use DSP Block                      : Auto
Automatic Register Balancing       : No

---- Target Options
LUT Combining                      : Auto
Reduce Control Sets                : Auto
Add IO Buffers                     : YES
Global Maximum Fanout              : 100000
Add Generic Clock Buffer(BUFG)     : 32
Register Duplication               : YES
Optimize Instantiated Primitives   : NO
Use Clock Enable                   : Auto
Use Synchronous Set                : Auto
Use Synchronous Reset              : Auto
Pack IO Registers into IOBs        : Auto
Equivalent register Removal        : YES

---- General Options
Optimization Goal                  : Speed
Optimization Effort                : 1
Power Reduction                    : NO
Keep Hierarchy                     : No
Netlist Hierarchy                  : As_Optimized
RTL Output                         : Yes
Global Optimization                : AllClockNets
Read Cores                         : YES
Write Timing Constraints           : NO
Cross Clock Analysis               : NO
Hierarchy Separator                : /
Bus Delimiter                      : <>
Case Specifier                     : Maintain
Slice Utilization Ratio            : 100
BRAM Utilization Ratio             : 100
DSP48 Utilization Ratio            : 100
Auto BRAM Packing                  : NO
Slice Utilization Ratio Delta      : 5

=========================================================================


=========================================================================
*                          HDL Parsing                                  *
=========================================================================
Parsing VHDL file "C:\Users\hp\Desktop\Projet VHDL\microprocesseur\ram.vhdl" into library work
Parsing entity <ram>.
Parsing architecture <arch_ram> of entity <ram>.

=========================================================================
*                            HDL Elaboration                            *
=========================================================================

Elaborating entity <ram> (architecture <arch_ram>) from library <work>.

=========================================================================
*                           HDL Synthesis                               *
=========================================================================

Synthesizing Unit <ram>.
    Related source file is "C:\Users\hp\Desktop\Projet VHDL\microprocesseur\ram.vhdl".
WARNING:Xst:647 - Input <addr_bus<11:4>> is never used. This port will be preserved and left unconnected if it belongs to a top-level block or it belongs to a sub-block and the hierarchy of this sub-block is preserved.
    Found 16x16-bit single-port RAM <Mram_memory> for signal <memory>.
    Found 1-bit tristate buffer for signal <data_bus<15>> created at line 65
    Found 1-bit tristate buffer for signal <data_bus<14>> created at line 65
    Found 1-bit tristate buffer for signal <data_bus<13>> created at line 65
    Found 1-bit tristate buffer for signal <data_bus<12>> created at line 65
    Found 1-bit tristate buffer for signal <data_bus<11>> created at line 65
    Found 1-bit tristate buffer for signal <data_bus<10>> created at line 65
    Found 1-bit tristate buffer for signal <data_bus<9>> created at line 65
    Found 1-bit tristate buffer for signal <data_bus<8>> created at line 65
    Found 1-bit tristate buffer for signal <data_bus<7>> created at line 65
    Found 1-bit tristate buffer for signal <data_bus<6>> created at line 65
    Found 1-bit tristate buffer for signal <data_bus<5>> created at line 65
    Found 1-bit tristate buffer for signal <data_bus<4>> created at line 65
    Found 1-bit tristate buffer for signal <data_bus<3>> created at line 65
    Found 1-bit tristate buffer for signal <data_bus<2>> created at line 65
    Found 1-bit tristate buffer for signal <data_bus<1>> created at line 65
    Found 1-bit tristate buffer for signal <data_bus<0>> created at line 65
    Summary:
	inferred   1 RAM(s).
	inferred  16 Tristate(s).
Unit <ram> synthesized.

=========================================================================
HDL Synthesis Report

Macro Statistics
# RAMs                                                 : 1
 16x16-bit single-port RAM                             : 1
# Tristates                                            : 16
 1-bit tristate buffer                                 : 16

=========================================================================

=========================================================================
*                       Advanced HDL Synthesis                          *
=========================================================================


Synthesizing (advanced) Unit <ram>.
INFO:Xst:3218 - HDL ADVISOR - The RAM <Mram_memory> will be implemented on LUTs either because you have described an asynchronous read or because of currently unsupported block RAM features. If you have described an asynchronous read, making it synchronous would allow you to take advantage of available block RAM resources, for optimized device usage and improved timings. Please refer to your documentation for coding guidelines.
    -----------------------------------------------------------------------
    | ram_type           | Distributed                         |          |
    -----------------------------------------------------------------------
    | Port A                                                              |
    |     aspect ratio   | 16-word x 16-bit                    |          |
    |     clkA           | connected to signal <clk>           | rise     |
    |     weA            | connected to internal node          | high     |
    |     addrA          | connected to signal <addr_bus>      |          |
    |     diA            | connected to signal <data_bus>      |          |
    |     doA            | connected to internal node          |          |
    -----------------------------------------------------------------------
Unit <ram> synthesized (advanced).

=========================================================================
Advanced HDL Synthesis Report

Macro Statistics
# RAMs                                                 : 1
 16x16-bit single-port distributed RAM                 : 1

=========================================================================

=========================================================================
*                         Low Level Synthesis                           *
=========================================================================

Optimizing unit <ram> ...

Mapping all equations...
Building and optimizing final netlist ...
Found area constraint ratio of 100 (+ 5) on block ram, actual ratio is 0.

Final Macro Processing ...

=========================================================================
Final Register Report

Found no macro
=========================================================================

=========================================================================
*                           Partition Report                            *
=========================================================================

Partition Implementation Status
-------------------------------

  No Partitions were found in this design.

-------------------------------

=========================================================================
*                            Design Summary                             *
=========================================================================

Top Level Output File Name         : ram.ngc

Primitive and Black Box Usage:
------------------------------
# BELS                             : 3
#      GND                         : 1
#      LUT2                        : 2
# RAMS                             : 16
#      RAM32X1S                    : 16
# Clock Buffers                    : 1
#      BUFGP                       : 1
# IO Buffers                       : 22
#      IBUF                        : 6
#      IOBUF                       : 16

Device utilization summary:
---------------------------

Selected Device : 7a100tcsg324-3 


Slice Logic Utilization: 
 Number of Slice LUTs:                   18  out of  63400     0%  
    Number used as Logic:                 2  out of  63400     0%  
    Number used as Memory:               16  out of  19000     0%  
       Number used as RAM:               16

Slice Logic Distribution: 
 Number of LUT Flip Flop pairs used:     18
   Number with an unused Flip Flop:      18  out of     18   100%  
   Number with an unused LUT:             0  out of     18     0%  
   Number of fully used LUT-FF pairs:     0  out of     18     0%  
   Number of unique control sets:         0

IO Utilization: 
 Number of IOs:                          31
 Number of bonded IOBs:                  23  out of    210    10%  

Specific Feature Utilization:
 Number of BUFG/BUFGCTRLs:                1  out of     32     3%  

---------------------------
Partition Resource Summary:
---------------------------

  No Partitions were found in this design.

---------------------------


=========================================================================
Timing Report

NOTE: THESE TIMING NUMBERS ARE ONLY A SYNTHESIS ESTIMATE.
      FOR ACCURATE TIMING INFORMATION PLEASE REFER TO THE TRACE REPORT
      GENERATED AFTER PLACE-and-ROUTE.

Clock Information:
------------------
-----------------------------------+------------------------+-------+
Clock Signal                       | Clock buffer(FF name)  | Load  |
-----------------------------------+------------------------+-------+
clk                                | BUFGP                  | 16    |
-----------------------------------+------------------------+-------+

Asynchronous Control Signals Information:
----------------------------------------
No asynchronous control signals found in this design

Timing Summary:
---------------
Speed Grade: -3

   Minimum period: No path found
   Minimum input arrival time before clock: 1.189ns
   Maximum output required time after clock: 1.141ns
   Maximum combinational path delay: 0.829ns

Timing Details:
---------------
All values displayed in nanoseconds (ns)

=========================================================================
Timing constraint: Default OFFSET IN BEFORE for Clock 'clk'
  Total number of paths / destination ports: 112 / 96
-------------------------------------------------------------------------
Offset:              1.189ns (Levels of Logic = 2)
  Source:            memrq (PAD)
  Destination:       Mram_memory1 (RAM)
  Destination Clock: clk rising

  Data Path: memrq to Mram_memory1
                                Gate     Net
    Cell:in->out      fanout   Delay   Delay  Logical Name (Net Name)
    ----------------------------------------  ------------
     IBUF:I->O             2   0.001   0.383  memrq_IBUF (memrq_IBUF)
     LUT2:I0->O           16   0.097   0.348  memrq_rnw_AND_3_o1 (memrq_rnw_AND_3_o)
     RAM32X1S:WE               0.360          Mram_memory1
    ----------------------------------------
    Total                      1.189ns (0.458ns logic, 0.731ns route)
                                       (38.5% logic, 61.5% route)

=========================================================================
Timing constraint: Default OFFSET OUT AFTER for Clock 'clk'
  Total number of paths / destination ports: 16 / 16
-------------------------------------------------------------------------
Offset:              1.141ns (Levels of Logic = 1)
  Source:            Mram_memory16 (RAM)
  Destination:       data_bus<15> (PAD)
  Source Clock:      clk rising

  Data Path: Mram_memory16 to data_bus<15>
                                Gate     Net
    Cell:in->out      fanout   Delay   Delay  Logical Name (Net Name)
    ----------------------------------------  ------------
     RAM32X1S:WCLK->O      1   0.862   0.279  Mram_memory16 (data_bus_15_IOBUF)
     IOBUF:I->IO               0.000          data_bus_15_IOBUF (data_bus<15>)
    ----------------------------------------
    Total                      1.141ns (0.862ns logic, 0.279ns route)
                                       (75.5% logic, 24.5% route)

=========================================================================
Timing constraint: Default path analysis
  Total number of paths / destination ports: 96 / 16
-------------------------------------------------------------------------
Delay:               0.829ns (Levels of Logic = 3)
  Source:            memrq (PAD)
  Destination:       data_bus<15> (PAD)

  Data Path: memrq to data_bus<15>
                                Gate     Net
    Cell:in->out      fanout   Delay   Delay  Logical Name (Net Name)
    ----------------------------------------  ------------
     IBUF:I->O             2   0.001   0.384  memrq_IBUF (memrq_IBUF)
     LUT2:I0->O           16   0.097   0.348  memrq_rnw_AND_1_o_inv1 (memrq_rnw_AND_1_o_inv)
     IOBUF:T->IO               0.000          data_bus_15_IOBUF (data_bus<15>)
    ----------------------------------------
    Total                      0.829ns (0.098ns logic, 0.731ns route)
                                       (11.8% logic, 88.2% route)

=========================================================================

Cross Clock Domains Report:
--------------------------

=========================================================================


Total REAL time to Xst completion: 42.00 secs
Total CPU time to Xst completion: 42.28 secs
 
--> 

Total memory usage is 4730192 kilobytes

Number of errors   :    0 (   0 filtered)
Number of warnings :    1 (   0 filtered)
Number of infos    :    1 (   0 filtered)

