Release 14.6 - xst P.68d (nt64)
Copyright (c) 1995-2013 Xilinx, Inc.  All rights reserved.
--> Parameter TMPDIR set to xst/projnav.tmp


Total REAL time to Xst completion: 1.00 secs
Total CPU time to Xst completion: 0.55 secs
 
--> Parameter xsthdpdir set to xst


Total REAL time to Xst completion: 1.00 secs
Total CPU time to Xst completion: 0.55 secs
 
--> Reading design: sequenceur.prj

TABLE OF CONTENTS
  1) Synthesis Options Summary
  2) HDL Parsing
  3) HDL Elaboration
  4) HDL Synthesis
       4.1) HDL Synthesis Report
  5) Advanced HDL Synthesis
       5.1) Advanced HDL Synthesis Report
  6) Low Level Synthesis
  7) Partition Report
  8) Design Summary
       8.1) Primitive and Black Box Usage
       8.2) Device utilization summary
       8.3) Partition Resource Summary
       8.4) Timing Report
            8.4.1) Clock Information
            8.4.2) Asynchronous Control Signals Information
            8.4.3) Timing Summary
            8.4.4) Timing Details
            8.4.5) Cross Clock Domains Report


=========================================================================
*                      Synthesis Options Summary                        *
=========================================================================
---- Source Parameters
Input File Name                    : "sequenceur.prj"
Ignore Synthesis Constraint File   : NO

---- Target Parameters
Output File Name                   : "sequenceur"
Output Format                      : NGC
Target Device                      : xc7a100t-3-csg324

---- Source Options
Top Module Name                    : sequenceur
Automatic FSM Extraction           : YES
FSM Encoding Algorithm             : Auto
Safe Implementation                : No
FSM Style                          : LUT
RAM Extraction                     : Yes
RAM Style                          : Auto
ROM Extraction                     : Yes
Shift Register Extraction          : YES
ROM Style                          : Auto
Resource Sharing                   : YES
Asynchronous To Synchronous        : NO
Shift Register Minimum Size        : 2
Use DSP Block                      : Auto
Automatic Register Balancing       : No

---- Target Options
LUT Combining                      : Auto
Reduce Control Sets                : Auto
Add IO Buffers                     : YES
Global Maximum Fanout              : 100000
Add Generic Clock Buffer(BUFG)     : 32
Register Duplication               : YES
Optimize Instantiated Primitives   : NO
Use Clock Enable                   : Auto
Use Synchronous Set                : Auto
Use Synchronous Reset              : Auto
Pack IO Registers into IOBs        : Auto
Equivalent register Removal        : YES

---- General Options
Optimization Goal                  : Speed
Optimization Effort                : 1
Power Reduction                    : NO
Keep Hierarchy                     : No
Netlist Hierarchy                  : As_Optimized
RTL Output                         : Yes
Global Optimization                : AllClockNets
Read Cores                         : YES
Write Timing Constraints           : NO
Cross Clock Analysis               : NO
Hierarchy Separator                : /
Bus Delimiter                      : <>
Case Specifier                     : Maintain
Slice Utilization Ratio            : 100
BRAM Utilization Ratio             : 100
DSP48 Utilization Ratio            : 100
Auto BRAM Packing                  : NO
Slice Utilization Ratio Delta      : 5

=========================================================================


=========================================================================
*                          HDL Parsing                                  *
=========================================================================
Parsing VHDL file "C:\Users\hp\Desktop\Projet VHDL\microprocesseur\up_pack.vhd" into library work
Parsing package <up_pack>.
Parsing package body <up_pack>.
Parsing VHDL file "C:\Users\hp\Desktop\Projet VHDL\microprocesseur\sequenceur.vhdl" into library work
Parsing entity <sequenceur>.
Parsing architecture <arch_seq> of entity <sequenceur>.

=========================================================================
*                            HDL Elaboration                            *
=========================================================================

Elaborating entity <sequenceur> (architecture <arch_seq>) from library <work>.

=========================================================================
*                           HDL Synthesis                               *
=========================================================================

Synthesizing Unit <sequenceur>.
    Related source file is "C:\Users\hp\Desktop\Projet VHDL\microprocesseur\sequenceur.vhdl".
    Found 2-bit register for signal <etat_cr>.
    Found finite state machine <FSM_0> for signal <etat_cr>.
    -----------------------------------------------------------------------
    | States             | 4                                              |
    | Transitions        | 12                                             |
    | Inputs             | 5                                              |
    | Outputs            | 4                                              |
    | Clock              | clk (rising_edge)                              |
    | Reset              | reset (positive)                               |
    | Reset type         | asynchronous                                   |
    | Reset State        | init                                           |
    | Power Up State     | init                                           |
    | Encoding           | auto                                           |
    | Implementation     | LUT                                            |
    -----------------------------------------------------------------------
    Found 32x3-bit Read Only RAM for signal <_n0078>
    Summary:
	inferred   1 RAM(s).
	inferred  20 Multiplexer(s).
	inferred   1 Finite State Machine(s).
Unit <sequenceur> synthesized.

=========================================================================
HDL Synthesis Report

Macro Statistics
# RAMs                                                 : 1
 32x3-bit single-port Read Only RAM                    : 1
# Multiplexers                                         : 20
 1-bit 2-to-1 multiplexer                              : 10
 3-bit 2-to-1 multiplexer                              : 10
# FSMs                                                 : 1

=========================================================================

=========================================================================
*                       Advanced HDL Synthesis                          *
=========================================================================


Synthesizing (advanced) Unit <sequenceur>.
INFO:Xst:3218 - HDL ADVISOR - The RAM <Mram__n0078> will be implemented on LUTs either because you have described an asynchronous read or because of currently unsupported block RAM features. If you have described an asynchronous read, making it synchronous would allow you to take advantage of available block RAM resources, for optimized device usage and improved timings. Please refer to your documentation for coding guidelines.
    -----------------------------------------------------------------------
    | ram_type           | Distributed                         |          |
    -----------------------------------------------------------------------
    | Port A                                                              |
    |     aspect ratio   | 32-word x 3-bit                     |          |
    |     weA            | connected to signal <GND>           | high     |
    |     addrA          | connected to signal <opcode>        |          |
    |     diA            | connected to signal <GND>           |          |
    |     doA            | connected to internal node          |          |
    -----------------------------------------------------------------------
Unit <sequenceur> synthesized (advanced).

=========================================================================
Advanced HDL Synthesis Report

Macro Statistics
# RAMs                                                 : 1
 32x3-bit single-port distributed Read Only RAM        : 1
# Multiplexers                                         : 17
 1-bit 2-to-1 multiplexer                              : 7
 3-bit 2-to-1 multiplexer                              : 10
# FSMs                                                 : 1

=========================================================================

=========================================================================
*                         Low Level Synthesis                           *
=========================================================================
Analyzing FSM <MFsm> for best encoding.
Optimizing FSM <FSM_0> on signal <etat_cr[1:2]> with user encoding.
---------------------
 State   | Encoding
---------------------
 init    | 00
 fetch   | 01
 execute | 10
 stop    | 11
---------------------

Optimizing unit <sequenceur> ...

Mapping all equations...
Building and optimizing final netlist ...
Found area constraint ratio of 100 (+ 5) on block sequenceur, actual ratio is 0.

Final Macro Processing ...

=========================================================================
Final Register Report

Macro Statistics
# Registers                                            : 2
 Flip-Flops                                            : 2

=========================================================================

=========================================================================
*                           Partition Report                            *
=========================================================================

Partition Implementation Status
-------------------------------

  No Partitions were found in this design.

-------------------------------

=========================================================================
*                            Design Summary                             *
=========================================================================

Top Level Output File Name         : sequenceur.ngc

Primitive and Black Box Usage:
------------------------------
# BELS                             : 17
#      LUT2                        : 4
#      LUT3                        : 1
#      LUT4                        : 2
#      LUT5                        : 5
#      LUT6                        : 4
#      VCC                         : 1
# FlipFlops/Latches                : 2
#      FDC                         : 2
# Clock Buffers                    : 1
#      BUFGP                       : 1
# IO Buffers                       : 20
#      IBUF                        : 8
#      OBUF                        : 12

Device utilization summary:
---------------------------

Selected Device : 7a100tcsg324-3 


Slice Logic Utilization: 
 Number of Slice Registers:               2  out of  126800     0%  
 Number of Slice LUTs:                   16  out of  63400     0%  
    Number used as Logic:                16  out of  63400     0%  

Slice Logic Distribution: 
 Number of LUT Flip Flop pairs used:     16
   Number with an unused Flip Flop:      14  out of     16    87%  
   Number with an unused LUT:             0  out of     16     0%  
   Number of fully used LUT-FF pairs:     2  out of     16    12%  
   Number of unique control sets:         1

IO Utilization: 
 Number of IOs:                          21
 Number of bonded IOBs:                  21  out of    210    10%  

Specific Feature Utilization:
 Number of BUFG/BUFGCTRLs:                1  out of     32     3%  

---------------------------
Partition Resource Summary:
---------------------------

  No Partitions were found in this design.

---------------------------


=========================================================================
Timing Report

NOTE: THESE TIMING NUMBERS ARE ONLY A SYNTHESIS ESTIMATE.
      FOR ACCURATE TIMING INFORMATION PLEASE REFER TO THE TRACE REPORT
      GENERATED AFTER PLACE-and-ROUTE.

Clock Information:
------------------
-----------------------------------+------------------------+-------+
Clock Signal                       | Clock buffer(FF name)  | Load  |
-----------------------------------+------------------------+-------+
clk                                | BUFGP                  | 2     |
-----------------------------------+------------------------+-------+

Asynchronous Control Signals Information:
----------------------------------------
No asynchronous control signals found in this design

Timing Summary:
---------------
Speed Grade: -3

   Minimum period: 0.868ns (Maximum Frequency: 1151.543MHz)
   Minimum input arrival time before clock: 1.303ns
   Maximum output required time after clock: 1.958ns
   Maximum combinational path delay: 1.717ns

Timing Details:
---------------
All values displayed in nanoseconds (ns)

=========================================================================
Timing constraint: Default period analysis for Clock 'clk'
  Clock period: 0.868ns (frequency: 1151.543MHz)
  Total number of paths / destination ports: 4 / 2
-------------------------------------------------------------------------
Delay:               0.868ns (Levels of Logic = 1)
  Source:            etat_cr_FSM_FFd1 (FF)
  Destination:       etat_cr_FSM_FFd2 (FF)
  Source Clock:      clk rising
  Destination Clock: clk rising

  Data Path: etat_cr_FSM_FFd1 to etat_cr_FSM_FFd2
                                Gate     Net
    Cell:in->out      fanout   Delay   Delay  Logical Name (Net Name)
    ----------------------------------------  ------------
     FDC:C->Q              6   0.361   0.402  etat_cr_FSM_FFd1 (etat_cr_FSM_FFd1)
     LUT2:I0->O            1   0.097   0.000  etat_cr_FSM_FFd2-In1 (etat_cr_FSM_FFd2-In)
     FDC:D                     0.008          etat_cr_FSM_FFd2
    ----------------------------------------
    Total                      0.868ns (0.466ns logic, 0.402ns route)
                                       (53.7% logic, 46.3% route)

=========================================================================
Timing constraint: Default OFFSET IN BEFORE for Clock 'clk'
  Total number of paths / destination ports: 7 / 3
-------------------------------------------------------------------------
Offset:              1.303ns (Levels of Logic = 3)
  Source:            opcode<1> (PAD)
  Destination:       etat_cr_FSM_FFd1 (FF)
  Destination Clock: clk rising

  Data Path: opcode<1> to etat_cr_FSM_FFd1
                                Gate     Net
    Cell:in->out      fanout   Delay   Delay  Logical Name (Net Name)
    ----------------------------------------  ------------
     IBUF:I->O             9   0.001   0.416  opcode_1_IBUF (opcode_1_IBUF)
     LUT2:I0->O            1   0.097   0.683  etat_cr_FSM_FFd1-In_SW0 (N0)
     LUT6:I1->O            1   0.097   0.000  etat_cr_FSM_FFd1-In (etat_cr_FSM_FFd1-In)
     FDC:D                     0.008          etat_cr_FSM_FFd1
    ----------------------------------------
    Total                      1.303ns (0.203ns logic, 1.100ns route)
                                       (15.6% logic, 84.4% route)

=========================================================================
Timing constraint: Default OFFSET OUT AFTER for Clock 'clk'
  Total number of paths / destination ports: 22 / 11
-------------------------------------------------------------------------
Offset:              1.958ns (Levels of Logic = 3)
  Source:            etat_cr_FSM_FFd2 (FF)
  Destination:       selA (PAD)
  Source Clock:      clk rising

  Data Path: etat_cr_FSM_FFd2 to selA
                                Gate     Net
    Cell:in->out      fanout   Delay   Delay  Logical Name (Net Name)
    ----------------------------------------  ------------
     FDC:C->Q              6   0.361   0.402  etat_cr_FSM_FFd2 (etat_cr_FSM_FFd2)
     LUT3:I1->O            7   0.097   0.721  Mmux_rnw111 (Mmux_rnw11)
     LUT6:I0->O            1   0.097   0.279  Mmux_selA11 (selA_OBUF)
     OBUF:I->O                 0.000          selA_OBUF (selA)
    ----------------------------------------
    Total                      1.958ns (0.555ns logic, 1.403ns route)
                                       (28.3% logic, 71.7% route)

=========================================================================
Timing constraint: Default path analysis
  Total number of paths / destination ports: 58 / 9
-------------------------------------------------------------------------
Delay:               1.717ns (Levels of Logic = 4)
  Source:            opcode<4> (PAD)
  Destination:       selA (PAD)

  Data Path: opcode<4> to selA
                                Gate     Net
    Cell:in->out      fanout   Delay   Delay  Logical Name (Net Name)
    ----------------------------------------  ------------
     IBUF:I->O             3   0.001   0.521  opcode_4_IBUF (opcode_4_IBUF)
     LUT3:I0->O            7   0.097   0.721  Mmux_rnw111 (Mmux_rnw11)
     LUT6:I0->O            1   0.097   0.279  Mmux_selA11 (selA_OBUF)
     OBUF:I->O                 0.000          selA_OBUF (selA)
    ----------------------------------------
    Total                      1.717ns (0.195ns logic, 1.522ns route)
                                       (11.4% logic, 88.6% route)

=========================================================================

Cross Clock Domains Report:
--------------------------

Clock to Setup on destination clock clk
---------------+---------+---------+---------+---------+
               | Src:Rise| Src:Fall| Src:Rise| Src:Fall|
Source Clock   |Dest:Rise|Dest:Rise|Dest:Fall|Dest:Fall|
---------------+---------+---------+---------+---------+
clk            |    0.868|         |         |         |
---------------+---------+---------+---------+---------+

=========================================================================


Total REAL time to Xst completion: 54.00 secs
Total CPU time to Xst completion: 53.39 secs
 
--> 

Total memory usage is 4729360 kilobytes

Number of errors   :    0 (   0 filtered)
Number of warnings :    0 (   0 filtered)
Number of infos    :    1 (   0 filtered)

